[debug] [2021-11-04T16:04:40.405Z] ----------------------------------------------------------------------
[debug] [2021-11-04T16:04:40.410Z] Command:       C:\Program Files\nodejs\node.exe C:\Users\alanb\AppData\Roaming\npm\node_modules\firebase-tools\lib\bin\firebase.js deploy
[debug] [2021-11-04T16:04:40.411Z] CLI Version:   9.18.0
[debug] [2021-11-04T16:04:40.411Z] Platform:      win32
[debug] [2021-11-04T16:04:40.411Z] Node Version:  v14.15.4
[debug] [2021-11-04T16:04:40.412Z] Time:          Thu Nov 04 2021 21:34:40 GMT+0530 (India Standard Time)
[debug] [2021-11-04T16:04:40.412Z] ----------------------------------------------------------------------
[debug] 
[debug] [2021-11-04T16:04:40.417Z] >>> [apiv2][query] GET https://firebase-public.firebaseio.com/cli.json [none]
[debug] [2021-11-04T16:04:40.554Z] > command requires scopes: ["email","openid","https://www.googleapis.com/auth/cloudplatformprojects.readonly","https://www.googleapis.com/auth/firebase","https://www.googleapis.com/auth/cloud-platform"]
[debug] [2021-11-04T16:04:40.554Z] > authorizing via signed-in user (alanbinu5@gmail.com)
[debug] [2021-11-04T16:04:40.554Z] [iam] checking project alanbinu-portfolio for permissions ["firebase.projects.get","firebasehosting.sites.update"]
[debug] [2021-11-04T16:04:40.556Z] > refreshing access token with scopes: ["email","https://www.googleapis.com/auth/cloud-platform","https://www.googleapis.com/auth/cloudplatformprojects.readonly","https://www.googleapis.com/auth/firebase","openid"]
[debug] [2021-11-04T16:04:40.556Z] >>> HTTP REQUEST POST https://www.googleapis.com/oauth2/v3/token  
 <request body omitted>
[debug] [2021-11-04T16:04:40.748Z] <<< HTTP RESPONSE 200 {"expires":"Mon, 01 Jan 1990 00:00:00 GMT","cache-control":"no-cache, no-store, max-age=0, must-revalidate","date":"Thu, 04 Nov 2021 16:04:39 GMT","pragma":"no-cache","content-type":"application/json; charset=utf-8","vary":"X-Origin, Referer, Origin,Accept-Encoding","server":"scaffolding on HTTPServer2","x-xss-protection":"0","x-frame-options":"SAMEORIGIN","x-content-type-options":"nosniff","alt-svc":"h3=\":443\"; ma=2592000,h3-29=\":443\"; ma=2592000,h3-Q050=\":443\"; ma=2592000,h3-Q046=\":443\"; ma=2592000,h3-Q043=\":443\"; ma=2592000,quic=\":443\"; ma=2592000; v=\"46,43\"","accept-ranges":"none","transfer-encoding":"chunked"}
[debug] [2021-11-04T16:04:40.772Z] >>> HTTP REQUEST POST https://cloudresourcemanager.googleapis.com/v1/projects/alanbinu-portfolio:testIamPermissions  
 {"permissions":["firebase.projects.get","firebasehosting.sites.update"]}
[debug] [2021-11-04T16:04:41.606Z] <<< [apiv2][status] GET https://firebase-public.firebaseio.com/cli.json 200
[debug] [2021-11-04T16:04:41.607Z] <<< [apiv2][body] GET https://firebase-public.firebaseio.com/cli.json {"cloudBuildErrorAfter":1594252800000,"cloudBuildWarnAfter":1590019200000,"defaultNode10After":1594252800000,"minVersion":"3.0.5","node8DeploysDisabledAfter":1613390400000,"node8RuntimeDisabledAfter":1615809600000,"node8WarnAfter":1600128000000}
[debug] [2021-11-04T16:04:42.312Z] <<< HTTP RESPONSE 200 {"content-type":"application/json; charset=UTF-8","vary":"X-Origin, Referer, Origin,Accept-Encoding","date":"Thu, 04 Nov 2021 16:04:40 GMT","server":"ESF","cache-control":"private","x-xss-protection":"0","x-frame-options":"SAMEORIGIN","x-content-type-options":"nosniff","server-timing":"gfet4t7; dur=1255","alt-svc":"h3=\":443\"; ma=2592000,h3-29=\":443\"; ma=2592000,h3-Q050=\":443\"; ma=2592000,h3-Q046=\":443\"; ma=2592000,h3-Q043=\":443\"; ma=2592000,quic=\":443\"; ma=2592000; v=\"46,43\"","accept-ranges":"none","transfer-encoding":"chunked"}
[debug] [2021-11-04T16:04:42.315Z] [iam] error while checking permissions, command may fail: FirebaseError: Authorization failed. This account is missing the following required permissions on project alanbinu-portfolio:

  firebase.projects.get
  firebasehosting.sites.update
[debug] [2021-11-04T16:04:42.318Z] > refreshing access token with scopes: []
[debug] [2021-11-04T16:04:42.319Z] >>> HTTP REQUEST POST https://www.googleapis.com/oauth2/v3/token  
 <request body omitted>
[debug] [2021-11-04T16:04:42.510Z] <<< HTTP RESPONSE 200 {"cache-control":"no-cache, no-store, max-age=0, must-revalidate","pragma":"no-cache","date":"Thu, 04 Nov 2021 16:04:41 GMT","expires":"Mon, 01 Jan 1990 00:00:00 GMT","content-type":"application/json; charset=utf-8","vary":"X-Origin, Referer, Origin,Accept-Encoding","server":"scaffolding on HTTPServer2","x-xss-protection":"0","x-frame-options":"SAMEORIGIN","x-content-type-options":"nosniff","alt-svc":"h3=\":443\"; ma=2592000,h3-29=\":443\"; ma=2592000,h3-Q050=\":443\"; ma=2592000,h3-Q046=\":443\"; ma=2592000,h3-Q043=\":443\"; ma=2592000,quic=\":443\"; ma=2592000; v=\"46,43\"","accept-ranges":"none","transfer-encoding":"chunked"}
[debug] [2021-11-04T16:04:42.541Z] >>> [apiv2][query] GET https://firebase.googleapis.com/v1beta1/projects/alanbinu-portfolio [none]
[debug] [2021-11-04T16:04:43.041Z] <<< [apiv2][status] GET https://firebase.googleapis.com/v1beta1/projects/alanbinu-portfolio 403
[debug] [2021-11-04T16:04:43.041Z] <<< [apiv2][body] GET https://firebase.googleapis.com/v1beta1/projects/alanbinu-portfolio {"error":{"code":403,"message":"The caller does not have permission","status":"PERMISSION_DENIED"}}
[debug] [2021-11-04T16:04:43.043Z] HTTP Error: 403, The caller does not have permission
[debug] [2021-11-04T16:04:43.252Z] FirebaseError: HTTP Error: 403, The caller does not have permission
    at module.exports (C:\Users\alanb\AppData\Roaming\npm\node_modules\firebase-tools\lib\responseToError.js:38:12)
    at Client.doRequest (C:\Users\alanb\AppData\Roaming\npm\node_modules\firebase-tools\lib\apiv2.js:238:23)
    at processTicksAndRejections (internal/process/task_queues.js:93:5)
    at async Client.request (C:\Users\alanb\AppData\Roaming\npm\node_modules\firebase-tools\lib\apiv2.js:96:20)
    at async Object.getFirebaseProject (C:\Users\alanb\AppData\Roaming\npm\node_modules\firebase-tools\lib\management\projects.js:290:21)
    at async Object.getDefaultHostingSite (C:\Users\alanb\AppData\Roaming\npm\node_modules\firebase-tools\lib\getDefaultHostingSite.js:8:21)
    at async requireHostingSite (C:\Users\alanb\AppData\Roaming\npm\node_modules\firebase-tools\lib\requireHostingSite.js:9:18)
    at async Object.fn (C:\Users\alanb\AppData\Roaming\npm\node_modules\firebase-tools\lib\commands\deploy.js:65:9)
    at async C:\Users\alanb\AppData\Roaming\npm\node_modules\firebase-tools\lib\command.js:188:17
[error] 
[error] Error: Failed to get Firebase project alanbinu-portfolio. Please make sure the project exists and your account has permission to access it.
